[debug] [2021-12-05T05:52:44.863Z] ----------------------------------------------------------------------
[debug] [2021-12-05T05:52:44.865Z] Command:       D:\file programs\nodejs\node.exe C:\Users\rogex\AppData\Roaming\npm\node_modules\firebase-tools\lib\bin\firebase.js init
[debug] [2021-12-05T05:52:44.866Z] CLI Version:   9.23.0
[debug] [2021-12-05T05:52:44.866Z] Platform:      win32
[debug] [2021-12-05T05:52:44.866Z] Node Version:  v16.13.0
[debug] [2021-12-05T05:52:44.867Z] Time:          Sat Dec 04 2021 23:52:44 GMT-0600 (hora estándar central)
[debug] [2021-12-05T05:52:44.867Z] ----------------------------------------------------------------------
[debug] 
[debug] [2021-12-05T05:52:44.926Z] > command requires scopes: ["email","openid","https://www.googleapis.com/auth/cloudplatformprojects.readonly","https://www.googleapis.com/auth/firebase","https://www.googleapis.com/auth/cloud-platform"]
[debug] [2021-12-05T05:52:44.927Z] > authorizing via signed-in user (rogexis@gmail.com)
[info] 
     ######## #### ########  ######## ########     ###     ######  ########
     ##        ##  ##     ## ##       ##     ##  ##   ##  ##       ##
     ######    ##  ########  ######   ########  #########  ######  ######
     ##        ##  ##    ##  ##       ##     ## ##     ##       ## ##
     ##       #### ##     ## ######## ########  ##     ##  ######  ########

You're about to initialize a Firebase project in this directory:

  C:\Users\rogex\Desktop\E-commerce\E-commerce

Before we get started, keep in mind:

  * You are initializing within an existing Firebase project directory

